This file contains any messages produced by compilers while
running configure, to aid debugging if configure makes a mistake.

It was created by openocd configure 0.9.0, which was
generated by GNU Autoconf 2.69.  Invocation command line was

  $ ./configure --enable-jlink

## --------- ##
## Platform. ##
## --------- ##

hostname = ChienVT2-AI-U
uname -m = x86_64
uname -r = 5.15.0-76-generic
uname -s = Linux
uname -v = #83~20.04.1-Ubuntu SMP Wed Jun 21 20:23:31 UTC 2023

/usr/bin/uname -p = x86_64
/bin/uname -X     = unknown

/bin/arch              = x86_64
/usr/bin/arch -k       = unknown
/usr/convex/getsysinfo = unknown
/usr/bin/hostinfo      = unknown
/bin/machine           = unknown
/usr/bin/oslevel       = unknown
/bin/universe          = unknown

PATH: /home/chientv2/.local/bin
PATH: /opt/ros/noetic/bin
PATH: /home/chientv2/.local/bin
PATH: /usr/local/sbin
PATH: /usr/local/bin
PATH: /usr/sbin
PATH: /usr/bin
PATH: /sbin
PATH: /bin
PATH: /usr/games
PATH: /usr/local/games
PATH: /snap/bin


## ----------- ##
## Core tests. ##
## ----------- ##

configure:2575: checking for makeinfo
configure:2591: found /usr/bin/makeinfo
configure:2602: result: makeinfo
configure:2662: checking for a BSD-compatible install
configure:2730: result: /usr/bin/install -c
configure:2741: checking whether build environment is sane
configure:2796: result: yes
configure:2945: checking for a thread-safe mkdir -p
configure:2984: result: /usr/bin/mkdir -p
configure:2991: checking for gawk
configure:3021: result: no
configure:2991: checking for mawk
configure:3007: found /usr/bin/mawk
configure:3018: result: mawk
configure:3029: checking whether make sets $(MAKE)
configure:3051: result: yes
configure:3080: checking whether make supports nested variables
configure:3097: result: yes
configure:3240: checking for gcc
configure:3256: found /usr/bin/gcc
configure:3267: result: gcc
configure:3496: checking for C compiler version
configure:3505: gcc --version >&5
gcc (Ubuntu 9.4.0-1ubuntu1~20.04.1) 9.4.0
Copyright (C) 2019 Free Software Foundation, Inc.
This is free software; see the source for copying conditions.  There is NO
warranty; not even for MERCHANTABILITY or FITNESS FOR A PARTICULAR PURPOSE.

configure:3516: $? = 0
configure:3505: gcc -v >&5
Using built-in specs.
COLLECT_GCC=gcc
COLLECT_LTO_WRAPPER=/usr/lib/gcc/x86_64-linux-gnu/9/lto-wrapper
OFFLOAD_TARGET_NAMES=nvptx-none:hsa
OFFLOAD_TARGET_DEFAULT=1
Target: x86_64-linux-gnu
Configured with: ../src/configure -v --with-pkgversion='Ubuntu 9.4.0-1ubuntu1~20.04.1' --with-bugurl=file:///usr/share/doc/gcc-9/README.Bugs --enable-languages=c,ada,c++,go,brig,d,fortran,objc,obj-c++,gm2 --prefix=/usr --with-gcc-major-version-only --program-suffix=-9 --program-prefix=x86_64-linux-gnu- --enable-shared --enable-linker-build-id --libexecdir=/usr/lib --without-included-gettext --enable-threads=posix --libdir=/usr/lib --enable-nls --enable-clocale=gnu --enable-libstdcxx-debug --enable-libstdcxx-time=yes --with-default-libstdcxx-abi=new --enable-gnu-unique-object --disable-vtable-verify --enable-plugin --enable-default-pie --with-system-zlib --with-target-system-zlib=auto --enable-objc-gc=auto --enable-multiarch --disable-werror --with-arch-32=i686 --with-abi=m64 --with-multilib-list=m32,m64,mx32 --enable-multilib --with-tune=generic --enable-offload-targets=nvptx-none=/build/gcc-9-Av3uEd/gcc-9-9.4.0/debian/tmp-nvptx/usr,hsa --without-cuda-driver --enable-checking=release --build=x86_64-linux-gnu --host=x86_64-linux-gnu --target=x86_64-linux-gnu
Thread model: posix
gcc version 9.4.0 (Ubuntu 9.4.0-1ubuntu1~20.04.1) 
configure:3516: $? = 0
configure:3505: gcc -V >&5
gcc: error: unrecognized command line option '-V'
gcc: fatal error: no input files
compilation terminated.
configure:3516: $? = 1
configure:3505: gcc -qversion >&5
gcc: error: unrecognized command line option '-qversion'; did you mean '--version'?
gcc: fatal error: no input files
compilation terminated.
configure:3516: $? = 1
configure:3536: checking whether the C compiler works
configure:3558: gcc    conftest.c  >&5
configure:3562: $? = 0
configure:3610: result: yes
configure:3613: checking for C compiler default output file name
configure:3615: result: a.out
configure:3621: checking for suffix of executables
configure:3628: gcc -o conftest    conftest.c  >&5
configure:3632: $? = 0
configure:3654: result: 
configure:3676: checking whether we are cross compiling
configure:3684: gcc -o conftest    conftest.c  >&5
configure:3688: $? = 0
configure:3695: ./conftest
configure:3699: $? = 0
configure:3687: result: no
configure:3692: checking for suffix of object files
configure:3714: gcc -c   conftest.c >&5
configure:3718: $? = 0
configure:3739: result: o
configure:3743: checking whether we are using the GNU C compiler
configure:3762: gcc -c   conftest.c >&5
configure:3762: $? = 0
configure:3771: result: yes
configure:3780: checking whether gcc accepts -g
configure:3800: gcc -c -g  conftest.c >&5
configure:3800: $? = 0
configure:3841: result: yes
configure:3858: checking for gcc option to accept ISO C89
configure:3921: gcc  -c -g -O2  conftest.c >&5
configure:3921: $? = 0
configure:3934: result: none needed
configure:3965: checking for style of include used by make
configure:3993: result: GNU
configure:4019: checking dependency style of gcc
configure:4130: result: gcc3
configure:4145: checking for gcc option to accept ISO C99
configure:4294: gcc  -c -g -O2  conftest.c >&5
configure:4294: $? = 0
configure:4307: result: none needed
configure:4323: checking whether gcc and cc understand -c and -o together
configure:4354: gcc -c conftest.c -o conftest2.o >&5
configure:4358: $? = 0
configure:4364: gcc -c conftest.c -o conftest2.o >&5
configure:4368: $? = 0
configure:4379: cc -c conftest.c >&5
configure:4383: $? = 0
configure:4391: cc -c conftest.c -o conftest2.o >&5
configure:4395: $? = 0
configure:4401: cc -c conftest.c -o conftest2.o >&5
configure:4405: $? = 0
configure:4423: result: yes
configure:4491: checking for ranlib
configure:4507: found /usr/bin/ranlib
configure:4518: result: ranlib
configure:4594: checking for pkg-config
configure:4612: found /usr/bin/pkg-config
configure:4624: result: /usr/bin/pkg-config
configure:4649: checking pkg-config is at least version 0.23
configure:4652: result: yes
configure:4724: checking build system type
configure:4738: result: x86_64-unknown-linux-gnu
configure:4758: checking host system type
configure:4771: result: x86_64-unknown-linux-gnu
configure:4812: checking how to print strings
configure:4839: result: printf
configure:4860: checking for a sed that does not truncate output
configure:4924: result: /usr/bin/sed
configure:4942: checking for grep that handles long lines and -e
configure:5000: result: /usr/bin/grep
configure:5005: checking for egrep
configure:5067: result: /usr/bin/grep -E
configure:5072: checking for fgrep
configure:5134: result: /usr/bin/grep -F
configure:5169: checking for ld used by gcc
configure:5236: result: /usr/bin/ld
configure:5243: checking if the linker (/usr/bin/ld) is GNU ld
configure:5258: result: yes
configure:5270: checking for BSD- or MS-compatible name lister (nm)
configure:5319: result: /usr/bin/nm -B
configure:5449: checking the name lister (/usr/bin/nm -B) interface
configure:5456: gcc -c -g -O2  conftest.c >&5
configure:5459: /usr/bin/nm -B "conftest.o"
configure:5462: output
0000000000000000 B some_variable
configure:5463: result: BSD nm
configure:5466: checking whether ln -s works
configure:5470: result: yes
configure:5478: checking the maximum length of command line arguments
configure:5603: result: 1572864
configure:5620: checking whether the shell understands some XSI constructs
configure:5629: result: yes
configure:5633: checking whether the shell understands "+="
configure:5637: result: yes
configure:5672: checking how to convert x86_64-unknown-linux-gnu file names to x86_64-unknown-linux-gnu format
configure:5712: result: func_convert_file_noop
configure:5719: checking how to convert x86_64-unknown-linux-gnu file names to toolchain format
configure:5739: result: func_convert_file_noop
configure:5746: checking for /usr/bin/ld option to reload object files
configure:5753: result: -r
configure:5827: checking for objdump
configure:5843: found /usr/bin/objdump
configure:5854: result: objdump
configure:5886: checking how to recognize dependent libraries
configure:6088: result: pass_all
configure:6173: checking for dlltool
configure:6203: result: no
configure:6233: checking how to associate runtime and link libraries
configure:6260: result: printf %s\n
configure:6321: checking for ar
configure:6337: found /usr/bin/ar
configure:6348: result: ar
configure:6385: checking for archiver @FILE support
configure:6402: gcc -c -g -O2  conftest.c >&5
configure:6402: $? = 0
configure:6405: ar cru libconftest.a @conftest.lst >&5
ar: `u' modifier ignored since `D' is the default (see `U')
configure:6408: $? = 0
configure:6413: ar cru libconftest.a @conftest.lst >&5
ar: `u' modifier ignored since `D' is the default (see `U')
ar: conftest.o: No such file or directory
configure:6416: $? = 1
configure:6415: result: @
configure:6473: checking for strip
configure:6489: found /usr/bin/strip
configure:6500: result: strip
configure:6572: checking for ranlib
configure:6599: result: ranlib
configure:6701: checking command to parse /usr/bin/nm -B output from gcc object
configure:6820: gcc -c -g -O2  conftest.c >&5
configure:6823: $? = 0
configure:6827: /usr/bin/nm -B conftest.o \| sed -n -e 's/^.*[ ]\([ABCDGIRSTW][ABCDGIRSTW]*\)[ ][ ]*\([_A-Za-z][_A-Za-z0-9]*\)$/\1 \2 \2/p' | sed '/ __gnu_lto/d' \> conftest.nm
configure:6830: $? = 0
configure:6896: gcc -o conftest -g -O2   conftest.c conftstm.o >&5
configure:6899: $? = 0
configure:6937: result: ok
configure:6974: checking for sysroot
configure:7004: result: no
configure:7081: gcc -c -g -O2  conftest.c >&5
configure:7084: $? = 0
configure:7247: checking for mt
configure:7263: found /usr/bin/mt
configure:7274: result: mt
configure:7297: checking if mt is a manifest tool
configure:7303: mt '-?'
configure:7311: result: no
configure:7943: checking how to run the C preprocessor
configure:7974: gcc -E  conftest.c
configure:7974: $? = 0
configure:7988: gcc -E  conftest.c
conftest.c:11:10: fatal error: ac_nonexistent.h: No such file or directory
   11 | #include <ac_nonexistent.h>
      |          ^~~~~~~~~~~~~~~~~~
compilation terminated.
configure:7988: $? = 1
configure: failed program was:
| /* confdefs.h */
| #define PACKAGE_NAME "openocd"
| #define PACKAGE_TARNAME "openocd"
| #define PACKAGE_VERSION "0.9.0"
| #define PACKAGE_STRING "openocd 0.9.0"
| #define PACKAGE_BUGREPORT "OpenOCD Mailing List <openocd-devel@lists.sourceforge.net>"
| #define PACKAGE_URL ""
| #define PACKAGE "openocd"
| #define VERSION "0.9.0"
| /* end confdefs.h.  */
| #include <ac_nonexistent.h>
configure:8013: result: gcc -E
configure:8033: gcc -E  conftest.c
configure:8033: $? = 0
configure:8047: gcc -E  conftest.c
conftest.c:11:10: fatal error: ac_nonexistent.h: No such file or directory
   11 | #include <ac_nonexistent.h>
      |          ^~~~~~~~~~~~~~~~~~
compilation terminated.
configure:8047: $? = 1
configure: failed program was:
| /* confdefs.h */
| #define PACKAGE_NAME "openocd"
| #define PACKAGE_TARNAME "openocd"
| #define PACKAGE_VERSION "0.9.0"
| #define PACKAGE_STRING "openocd 0.9.0"
| #define PACKAGE_BUGREPORT "OpenOCD Mailing List <openocd-devel@lists.sourceforge.net>"
| #define PACKAGE_URL ""
| #define PACKAGE "openocd"
| #define VERSION "0.9.0"
| /* end confdefs.h.  */
| #include <ac_nonexistent.h>
configure:8076: checking for ANSI C header files
configure:8096: gcc -c -g -O2  conftest.c >&5
configure:8096: $? = 0
configure:8169: gcc -o conftest -g -O2   conftest.c  >&5
configure:8169: $? = 0
configure:8169: ./conftest
configure:8169: $? = 0
configure:8180: result: yes
configure:8193: checking for sys/types.h
configure:8193: gcc -c -g -O2  conftest.c >&5
configure:8193: $? = 0
configure:8193: result: yes
configure:8193: checking for sys/stat.h
configure:8193: gcc -c -g -O2  conftest.c >&5
configure:8193: $? = 0
configure:8193: result: yes
configure:8193: checking for stdlib.h
configure:8193: gcc -c -g -O2  conftest.c >&5
configure:8193: $? = 0
configure:8193: result: yes
configure:8193: checking for string.h
configure:8193: gcc -c -g -O2  conftest.c >&5
configure:8193: $? = 0
configure:8193: result: yes
configure:8193: checking for memory.h
configure:8193: gcc -c -g -O2  conftest.c >&5
configure:8193: $? = 0
configure:8193: result: yes
configure:8193: checking for strings.h
configure:8193: gcc -c -g -O2  conftest.c >&5
configure:8193: $? = 0
configure:8193: result: yes
configure:8193: checking for inttypes.h
configure:8193: gcc -c -g -O2  conftest.c >&5
configure:8193: $? = 0
configure:8193: result: yes
configure:8193: checking for stdint.h
configure:8193: gcc -c -g -O2  conftest.c >&5
configure:8193: $? = 0
configure:8193: result: yes
configure:8193: checking for unistd.h
configure:8193: gcc -c -g -O2  conftest.c >&5
configure:8193: $? = 0
configure:8193: result: yes
configure:8207: checking for dlfcn.h
configure:8207: gcc -c -g -O2  conftest.c >&5
configure:8207: $? = 0
configure:8207: result: yes
configure:8364: checking for objdir
configure:8379: result: .libs
configure:8646: checking if gcc supports -fno-rtti -fno-exceptions
configure:8664: gcc -c -g -O2  -fno-rtti -fno-exceptions conftest.c >&5
cc1: warning: command line option '-fno-rtti' is valid for C++/D/ObjC++ but not for C
configure:8668: $? = 0
configure:8681: result: no
configure:8991: checking for gcc option to produce PIC
configure:8998: result: -fPIC -DPIC
configure:9006: checking if gcc PIC flag -fPIC -DPIC works
configure:9024: gcc -c -g -O2  -fPIC -DPIC -DPIC conftest.c >&5
configure:9028: $? = 0
configure:9041: result: yes
configure:9070: checking if gcc static flag -static works
configure:9098: result: yes
configure:9113: checking if gcc supports -c -o file.o
configure:9134: gcc -c -g -O2  -o out/conftest2.o conftest.c >&5
configure:9138: $? = 0
configure:9160: result: yes
configure:9168: checking if gcc supports -c -o file.o
configure:9215: result: yes
configure:9248: checking whether the gcc linker (/usr/bin/ld -m elf_x86_64) supports shared libraries
configure:10406: result: yes
configure:10651: checking dynamic linker characteristics
configure:11178: gcc -o conftest -g -O2   -Wl,-rpath -Wl,/foo conftest.c  >&5
configure:11178: $? = 0
configure:11400: result: GNU/Linux ld.so
configure:11507: checking how to hardcode library paths into programs
configure:11532: result: immediate
configure:12072: checking whether stripping libraries is possible
configure:12077: result: yes
configure:12112: checking if libtool supports shared libraries
configure:12114: result: yes
configure:12117: checking whether to build shared libraries
configure:12138: result: no
configure:12141: checking whether to build static libraries
configure:12145: result: yes
configure:9166: checking for an ANSI C-conforming const
configure:9232: gcc -c -g -O2  conftest.c >&5
configure:9232: $? = 0
configure:9239: result: yes
configure:9248: checking for unsigned long long int
configure:9296: result: yes
configure:9306: checking for long long int
configure:9356: result: yes
configure:9365: checking for library containing ioperm
configure:9396: gcc -o conftest -g -O2   conftest.c  >&5
configure:9396: $? = 0
configure:9413: result: none required
configure:9421: checking for library containing dlopen
configure:9452: gcc -o conftest -g -O2   conftest.c  >&5
/usr/bin/ld: /tmp/cclbm0ld.o: in function `main':
/home/chientv2/chientv2/OpenRE/5_Development_Toolchain/openocd/conftest.c:36: undefined reference to `dlopen'
collect2: error: ld returned 1 exit status
configure:9452: $? = 1
configure: failed program was:
| /* confdefs.h */
| #define PACKAGE_NAME "openocd"
| #define PACKAGE_TARNAME "openocd"
| #define PACKAGE_VERSION "0.9.0"
| #define PACKAGE_STRING "openocd 0.9.0"
| #define PACKAGE_BUGREPORT "OpenOCD Mailing List <openocd-devel@lists.sourceforge.net>"
| #define PACKAGE_URL ""
| #define PACKAGE "openocd"
| #define VERSION "0.9.0"
| #define STDC_HEADERS 1
| #define HAVE_SYS_TYPES_H 1
| #define HAVE_SYS_STAT_H 1
| #define HAVE_STDLIB_H 1
| #define HAVE_STRING_H 1
| #define HAVE_MEMORY_H 1
| #define HAVE_STRINGS_H 1
| #define HAVE_INTTYPES_H 1
| #define HAVE_STDINT_H 1
| #define HAVE_UNISTD_H 1
| #define HAVE_DLFCN_H 1
| #define LT_OBJDIR ".libs/"
| #define HAVE_UNSIGNED_LONG_LONG_INT 1
| #define HAVE_LONG_LONG_INT 1
| /* end confdefs.h.  */
| 
| /* Override any GCC internal prototype to avoid an error.
|    Use char because int might match the return type of a GCC
|    builtin and then its argument prototype would still apply.  */
| #ifdef __cplusplus
| extern "C"
| #endif
| char dlopen ();
| int
| main ()
| {
| return dlopen ();
|   ;
|   return 0;
| }
configure:9452: gcc -o conftest -g -O2   conftest.c -ldl   >&5
configure:9452: $? = 0
configure:9469: result: -ldl
configure:9480: checking sys/socket.h usability
configure:9480: gcc -c -g -O2  conftest.c >&5
configure:9480: $? = 0
configure:9480: result: yes
configure:9480: checking sys/socket.h presence
configure:9480: gcc -E  conftest.c
configure:9480: $? = 0
configure:9480: result: yes
configure:9480: checking for sys/socket.h
configure:9480: result: yes
configure:9492: checking for arpa/inet.h
configure:9492: gcc -c -g -O2  conftest.c >&5
configure:9492: $? = 0
configure:9492: result: yes
configure:9517: checking elf.h usability
configure:9517: gcc -c -g -O2  conftest.c >&5
configure:9517: $? = 0
configure:9517: result: yes
configure:9517: checking elf.h presence
configure:9517: gcc -E  conftest.c
configure:9517: $? = 0
configure:9517: result: yes
configure:9517: checking for elf.h
configure:9517: result: yes
configure:9529: checking dirent.h usability
configure:9529: gcc -c -g -O2  conftest.c >&5
configure:9529: $? = 0
configure:9529: result: yes
configure:9529: checking dirent.h presence
configure:9529: gcc -E  conftest.c
configure:9529: $? = 0
configure:9529: result: yes
configure:9529: checking for dirent.h
configure:9529: result: yes
configure:9541: checking fcntl.h usability
configure:9541: gcc -c -g -O2  conftest.c >&5
configure:9541: $? = 0
configure:9541: result: yes
configure:9541: checking fcntl.h presence
configure:9541: gcc -E  conftest.c
configure:9541: $? = 0
configure:9541: result: yes
configure:9541: checking for fcntl.h
configure:9541: result: yes
configure:9553: checking for ifaddrs.h
configure:9553: gcc -c -g -O2  conftest.c >&5
configure:9553: $? = 0
configure:9553: result: yes
configure:9578: checking malloc.h usability
configure:9578: gcc -c -g -O2  conftest.c >&5
configure:9578: $? = 0
configure:9578: result: yes
configure:9578: checking malloc.h presence
configure:9578: gcc -E  conftest.c
configure:9578: $? = 0
configure:9578: result: yes
configure:9578: checking for malloc.h
configure:9578: result: yes
configure:9590: checking netdb.h usability
configure:9590: gcc -c -g -O2  conftest.c >&5
configure:9590: $? = 0
configure:9590: result: yes
configure:9590: checking netdb.h presence
configure:9590: gcc -E  conftest.c
configure:9590: $? = 0
configure:9590: result: yes
configure:9590: checking for netdb.h
configure:9590: result: yes
configure:9602: checking for netinet/in.h
configure:9602: gcc -c -g -O2  conftest.c >&5
configure:9602: $? = 0
configure:9602: result: yes
configure:9627: checking for netinet/tcp.h
configure:9627: gcc -c -g -O2  conftest.c >&5
configure:9627: $? = 0
configure:9627: result: yes
configure:9652: checking pthread.h usability
configure:9652: gcc -c -g -O2  conftest.c >&5
configure:9652: $? = 0
configure:9652: result: yes
configure:9652: checking pthread.h presence
configure:9652: gcc -E  conftest.c
configure:9652: $? = 0
configure:9652: result: yes
configure:9652: checking for pthread.h
configure:9652: result: yes
configure:9664: checking for strings.h
configure:9664: result: yes
configure:9676: checking sys/ioctl.h usability
configure:9676: gcc -c -g -O2  conftest.c >&5
configure:9676: $? = 0
configure:9676: result: yes
configure:9676: checking sys/ioctl.h presence
configure:9676: gcc -E  conftest.c
configure:9676: $? = 0
configure:9676: result: yes
configure:9676: checking for sys/ioctl.h
configure:9676: result: yes
configure:9688: checking sys/param.h usability
configure:9688: gcc -c -g -O2  conftest.c >&5
configure:9688: $? = 0
configure:9688: result: yes
configure:9688: checking sys/param.h presence
configure:9688: gcc -E  conftest.c
configure:9688: $? = 0
configure:9688: result: yes
configure:9688: checking for sys/param.h
configure:9688: result: yes
configure:9700: checking sys/poll.h usability
configure:9700: gcc -c -g -O2  conftest.c >&5
configure:9700: $? = 0
configure:9700: result: yes
configure:9700: checking sys/poll.h presence
configure:9700: gcc -E  conftest.c
configure:9700: $? = 0
configure:9700: result: yes
configure:9700: checking for sys/poll.h
configure:9700: result: yes
configure:9712: checking sys/select.h usability
configure:9712: gcc -c -g -O2  conftest.c >&5
configure:9712: $? = 0
configure:9712: result: yes
configure:9712: checking sys/select.h presence
configure:9712: gcc -E  conftest.c
configure:9712: $? = 0
configure:9712: result: yes
configure:9712: checking for sys/select.h
configure:9712: result: yes
configure:9724: checking for sys/stat.h
configure:9724: result: yes
configure:9736: checking sys/time.h usability
configure:9736: gcc -c -g -O2  conftest.c >&5
configure:9736: $? = 0
configure:9736: result: yes
configure:9736: checking sys/time.h presence
configure:9736: gcc -E  conftest.c
configure:9736: $? = 0
configure:9736: result: yes
configure:9736: checking for sys/time.h
configure:9736: result: yes
configure:9748: checking for sys/types.h
configure:9748: result: yes
configure:9760: checking for unistd.h
configure:9760: result: yes
configure:9772: checking for net/if.h
configure:9772: gcc -c -g -O2  conftest.c >&5
configure:9772: $? = 0
configure:9772: result: yes
configure:9797: checking whether to enable assertions
configure:9815: result: yes
configure:9818: checking for stdbool.h that conforms to C99
configure:9885: gcc -c -g -O2  conftest.c >&5
configure:9885: $? = 0
configure:9892: result: yes
configure:9894: checking for _Bool
configure:9894: gcc -c -g -O2  conftest.c >&5
configure:9894: $? = 0
configure:9894: gcc -c -g -O2  conftest.c >&5
conftest.c: In function 'main':
conftest.c:82:20: error: expected expression before ')' token
   82 | if (sizeof ((_Bool)))
      |                    ^
configure:9894: $? = 1
configure: failed program was:
| /* confdefs.h */
| #define PACKAGE_NAME "openocd"
| #define PACKAGE_TARNAME "openocd"
| #define PACKAGE_VERSION "0.9.0"
| #define PACKAGE_STRING "openocd 0.9.0"
| #define PACKAGE_BUGREPORT "OpenOCD Mailing List <openocd-devel@lists.sourceforge.net>"
| #define PACKAGE_URL ""
| #define PACKAGE "openocd"
| #define VERSION "0.9.0"
| #define STDC_HEADERS 1
| #define HAVE_SYS_TYPES_H 1
| #define HAVE_SYS_STAT_H 1
| #define HAVE_STDLIB_H 1
| #define HAVE_STRING_H 1
| #define HAVE_MEMORY_H 1
| #define HAVE_STRINGS_H 1
| #define HAVE_INTTYPES_H 1
| #define HAVE_STDINT_H 1
| #define HAVE_UNISTD_H 1
| #define HAVE_DLFCN_H 1
| #define LT_OBJDIR ".libs/"
| #define HAVE_UNSIGNED_LONG_LONG_INT 1
| #define HAVE_LONG_LONG_INT 1
| #define HAVE_SYS_SOCKET_H 1
| #define HAVE_ARPA_INET_H 1
| #define HAVE_ELF_H 1
| #define HAVE_DIRENT_H 1
| #define HAVE_FCNTL_H 1
| #define HAVE_IFADDRS_H 1
| #define HAVE_MALLOC_H 1
| #define HAVE_NETDB_H 1
| #define HAVE_NETINET_IN_H 1
| #define HAVE_NETINET_TCP_H 1
| #define HAVE_PTHREAD_H 1
| #define HAVE_STRINGS_H 1
| #define HAVE_SYS_IOCTL_H 1
| #define HAVE_SYS_PARAM_H 1
| #define HAVE_SYS_POLL_H 1
| #define HAVE_SYS_SELECT_H 1
| #define HAVE_SYS_STAT_H 1
| #define HAVE_SYS_TIME_H 1
| #define HAVE_SYS_TYPES_H 1
| #define HAVE_UNISTD_H 1
| #define HAVE_NET_IF_H 1
| /* end confdefs.h.  */
| #include <stdio.h>
| #ifdef HAVE_SYS_TYPES_H
| # include <sys/types.h>
| #endif
| #ifdef HAVE_SYS_STAT_H
| # include <sys/stat.h>
| #endif
| #ifdef STDC_HEADERS
| # include <stdlib.h>
| # include <stddef.h>
| #else
| # ifdef HAVE_STDLIB_H
| #  include <stdlib.h>
| # endif
| #endif
| #ifdef HAVE_STRING_H
| # if !defined STDC_HEADERS && defined HAVE_MEMORY_H
| #  include <memory.h>
| # endif
| # include <string.h>
| #endif
| #ifdef HAVE_STRINGS_H
| # include <strings.h>
| #endif
| #ifdef HAVE_INTTYPES_H
| # include <inttypes.h>
| #endif
| #ifdef HAVE_STDINT_H
| # include <stdint.h>
| #endif
| #ifdef HAVE_UNISTD_H
| # include <unistd.h>
| #endif
| int
| main ()
| {
| if (sizeof ((_Bool)))
| 	    return 0;
|   ;
|   return 0;
| }
configure:9894: result: yes
configure:9911: checking whether time.h and sys/time.h may both be included
configure:9931: gcc -c -g -O2  conftest.c >&5
configure:9931: $? = 0
configure:9938: result: yes
configure:9947: checking whether byte ordering is bigendian
configure:9962: gcc -c -g -O2  conftest.c >&5
conftest.c:50:9: error: unknown type name 'not'
   50 |         not a universal capable compiler
      |         ^~~
conftest.c:50:15: error: expected '=', ',', ';', 'asm' or '__attribute__' before 'universal'
   50 |         not a universal capable compiler
      |               ^~~~~~~~~
conftest.c:50:15: error: unknown type name 'universal'
configure:9962: $? = 1
configure: failed program was:
| /* confdefs.h */
| #define PACKAGE_NAME "openocd"
| #define PACKAGE_TARNAME "openocd"
| #define PACKAGE_VERSION "0.9.0"
| #define PACKAGE_STRING "openocd 0.9.0"
| #define PACKAGE_BUGREPORT "OpenOCD Mailing List <openocd-devel@lists.sourceforge.net>"
| #define PACKAGE_URL ""
| #define PACKAGE "openocd"
| #define VERSION "0.9.0"
| #define STDC_HEADERS 1
| #define HAVE_SYS_TYPES_H 1
| #define HAVE_SYS_STAT_H 1
| #define HAVE_STDLIB_H 1
| #define HAVE_STRING_H 1
| #define HAVE_MEMORY_H 1
| #define HAVE_STRINGS_H 1
| #define HAVE_INTTYPES_H 1
| #define HAVE_STDINT_H 1
| #define HAVE_UNISTD_H 1
| #define HAVE_DLFCN_H 1
| #define LT_OBJDIR ".libs/"
| #define HAVE_UNSIGNED_LONG_LONG_INT 1
| #define HAVE_LONG_LONG_INT 1
| #define HAVE_SYS_SOCKET_H 1
| #define HAVE_ARPA_INET_H 1
| #define HAVE_ELF_H 1
| #define HAVE_DIRENT_H 1
| #define HAVE_FCNTL_H 1
| #define HAVE_IFADDRS_H 1
| #define HAVE_MALLOC_H 1
| #define HAVE_NETDB_H 1
| #define HAVE_NETINET_IN_H 1
| #define HAVE_NETINET_TCP_H 1
| #define HAVE_PTHREAD_H 1
| #define HAVE_STRINGS_H 1
| #define HAVE_SYS_IOCTL_H 1
| #define HAVE_SYS_PARAM_H 1
| #define HAVE_SYS_POLL_H 1
| #define HAVE_SYS_SELECT_H 1
| #define HAVE_SYS_STAT_H 1
| #define HAVE_SYS_TIME_H 1
| #define HAVE_SYS_TYPES_H 1
| #define HAVE_UNISTD_H 1
| #define HAVE_NET_IF_H 1
| #define HAVE__BOOL 1
| #define HAVE_STDBOOL_H 1
| #define TIME_WITH_SYS_TIME 1
| /* end confdefs.h.  */
| #ifndef __APPLE_CC__
| 	       not a universal capable compiler
| 	     #endif
| 	     typedef int dummy;
| 
configure:10007: gcc -c -g -O2  conftest.c >&5
configure:10007: $? = 0
configure:10025: gcc -c -g -O2  conftest.c >&5
conftest.c: In function 'main':
conftest.c:56:4: error: unknown type name 'not'; did you mean 'ino_t'?
   56 |    not big endian
      |    ^~~
      |    ino_t
conftest.c:56:12: error: expected '=', ',', ';', 'asm' or '__attribute__' before 'endian'
   56 |    not big endian
      |            ^~~~~~
configure:10025: $? = 1
configure: failed program was:
| /* confdefs.h */
| #define PACKAGE_NAME "openocd"
| #define PACKAGE_TARNAME "openocd"
| #define PACKAGE_VERSION "0.9.0"
| #define PACKAGE_STRING "openocd 0.9.0"
| #define PACKAGE_BUGREPORT "OpenOCD Mailing List <openocd-devel@lists.sourceforge.net>"
| #define PACKAGE_URL ""
| #define PACKAGE "openocd"
| #define VERSION "0.9.0"
| #define STDC_HEADERS 1
| #define HAVE_SYS_TYPES_H 1
| #define HAVE_SYS_STAT_H 1
| #define HAVE_STDLIB_H 1
| #define HAVE_STRING_H 1
| #define HAVE_MEMORY_H 1
| #define HAVE_STRINGS_H 1
| #define HAVE_INTTYPES_H 1
| #define HAVE_STDINT_H 1
| #define HAVE_UNISTD_H 1
| #define HAVE_DLFCN_H 1
| #define LT_OBJDIR ".libs/"
| #define HAVE_UNSIGNED_LONG_LONG_INT 1
| #define HAVE_LONG_LONG_INT 1
| #define HAVE_SYS_SOCKET_H 1
| #define HAVE_ARPA_INET_H 1
| #define HAVE_ELF_H 1
| #define HAVE_DIRENT_H 1
| #define HAVE_FCNTL_H 1
| #define HAVE_IFADDRS_H 1
| #define HAVE_MALLOC_H 1
| #define HAVE_NETDB_H 1
| #define HAVE_NETINET_IN_H 1
| #define HAVE_NETINET_TCP_H 1
| #define HAVE_PTHREAD_H 1
| #define HAVE_STRINGS_H 1
| #define HAVE_SYS_IOCTL_H 1
| #define HAVE_SYS_PARAM_H 1
| #define HAVE_SYS_POLL_H 1
| #define HAVE_SYS_SELECT_H 1
| #define HAVE_SYS_STAT_H 1
| #define HAVE_SYS_TIME_H 1
| #define HAVE_SYS_TYPES_H 1
| #define HAVE_UNISTD_H 1
| #define HAVE_NET_IF_H 1
| #define HAVE__BOOL 1
| #define HAVE_STDBOOL_H 1
| #define TIME_WITH_SYS_TIME 1
| /* end confdefs.h.  */
| #include <sys/types.h>
| 		#include <sys/param.h>
| 
| int
| main ()
| {
| #if BYTE_ORDER != BIG_ENDIAN
| 		 not big endian
| 		#endif
| 
|   ;
|   return 0;
| }
configure:10153: result: no
configure:10174: checking for strndup
configure:10174: gcc -o conftest -g -O2   conftest.c -ldl  >&5
conftest.c:72:6: warning: conflicting types for built-in function 'strndup'; expected 'char *(const char *, long unsigned int)' [-Wbuiltin-declaration-mismatch]
   72 | char strndup ();
      |      ^~~~~~~
configure:10174: $? = 0
configure:10174: result: yes
configure:10185: checking for strnlen
configure:10185: gcc -o conftest -g -O2   conftest.c -ldl  >&5
conftest.c:73:6: warning: conflicting types for built-in function 'strnlen'; expected 'long unsigned int(const char *, long unsigned int)' [-Wbuiltin-declaration-mismatch]
   73 | char strnlen ();
      |      ^~~~~~~
configure:10185: $? = 0
configure:10185: result: yes
configure:10196: checking for gettimeofday
configure:10196: gcc -o conftest -g -O2   conftest.c -ldl  >&5
configure:10196: $? = 0
configure:10196: result: yes
configure:10207: checking for usleep
configure:10207: gcc -o conftest -g -O2   conftest.c -ldl  >&5
configure:10207: $? = 0
configure:10207: result: yes
configure:10218: checking for vasprintf
configure:10218: gcc -o conftest -g -O2   conftest.c -ldl  >&5
configure:10218: $? = 0
configure:10218: result: yes
configure:10236: checking whether to build a release
configure:10243: result: yes
configure:10381: checking whether to build Doxygen as HTML
configure:10383: result: yes
configure:10394: checking whether to build Doxygen as PDF
configure:10396: result: no
configure:10456: checking whether to enable verbose JTAG I/O messages
configure:10458: result: no
configure:10466: checking whether to enable verbose USB I/O messages
configure:10468: result: no
configure:10476: checking whether to enable verbose USB communication messages
configure:10478: result: no
configure:10493: checking whether to enable malloc free space logging
configure:10495: result: no
configure:10846: checking whether to enable ZY1000 minidriver
configure:10857: result: no
configure:10868: checking whether to enable dummy minidriver
configure:10882: result: no
configure:10885: checking whether standard drivers can be built
configure:10894: result: yes
configure:12049: checking for LIBUSB1
configure:12056: $PKG_CONFIG --exists --print-errors "libusb-1.0"
configure:12059: $? = 0
configure:12073: $PKG_CONFIG --exists --print-errors "libusb-1.0"
configure:12076: $? = 0
configure:12122: result: yes
configure:12130: $PKG_CONFIG --exists --print-errors "libusb-1.0 >= 1.0.9"
configure:12133: $? = 0
configure:12143: libusb-1.0 header bug workaround: LIBUSB1_CFLAGS changed to "-isystem /usr/include/libusb-1.0"
configure:12150: checking for LIBUSB0
configure:12157: $PKG_CONFIG --exists --print-errors "libusb"
configure:12160: $? = 0
configure:12174: $PKG_CONFIG --exists --print-errors "libusb"
configure:12177: $? = 0
configure:12215: result: yes
configure:12223: checking for HIDAPI
configure:12230: $PKG_CONFIG --exists --print-errors "$hidapi_lib"
Package hidapi was not found in the pkg-config search path.
Perhaps you should add the directory containing `hidapi.pc'
to the PKG_CONFIG_PATH environment variable
No package 'hidapi' found
configure:12233: $? = 1
configure:12247: $PKG_CONFIG --exists --print-errors "$hidapi_lib"
Package hidapi was not found in the pkg-config search path.
Perhaps you should add the directory containing `hidapi.pc'
to the PKG_CONFIG_PATH environment variable
No package 'hidapi' found
configure:12250: $? = 1
configure:12264: result: no
No package 'hidapi' found
configure:12223: checking for HIDAPI
configure:12230: $PKG_CONFIG --exists --print-errors "$hidapi_lib"
Package hidapi-hidraw was not found in the pkg-config search path.
Perhaps you should add the directory containing `hidapi-hidraw.pc'
to the PKG_CONFIG_PATH environment variable
No package 'hidapi-hidraw' found
configure:12233: $? = 1
configure:12247: $PKG_CONFIG --exists --print-errors "$hidapi_lib"
Package hidapi-hidraw was not found in the pkg-config search path.
Perhaps you should add the directory containing `hidapi-hidraw.pc'
to the PKG_CONFIG_PATH environment variable
No package 'hidapi-hidraw' found
configure:12250: $? = 1
configure:12264: result: no
No package 'hidapi-hidraw' found
configure:12223: checking for HIDAPI
configure:12230: $PKG_CONFIG --exists --print-errors "$hidapi_lib"
Package hidapi-libusb was not found in the pkg-config search path.
Perhaps you should add the directory containing `hidapi-libusb.pc'
to the PKG_CONFIG_PATH environment variable
No package 'hidapi-libusb' found
configure:12233: $? = 1
configure:12247: $PKG_CONFIG --exists --print-errors "$hidapi_lib"
Package hidapi-libusb was not found in the pkg-config search path.
Perhaps you should add the directory containing `hidapi-libusb.pc'
to the PKG_CONFIG_PATH environment variable
No package 'hidapi-libusb' found
configure:12250: $? = 1
configure:12264: result: no
No package 'hidapi-libusb' found
configure:12984: checking for environ in unistd.h and stdlib.h
configure:13002: gcc -c -g -O2  conftest.c >&5
configure:13002: $? = 0
configure:13004: result: yes
configure:13181: checking that generated files are newer than configure
configure:13187: result: done
configure:13419: creating ./config.status

## ---------------------- ##
## Running config.status. ##
## ---------------------- ##

This file was extended by openocd config.status 0.9.0, which was
generated by GNU Autoconf 2.69.  Invocation command line was

  CONFIG_FILES    = 
  CONFIG_HEADERS  = 
  CONFIG_LINKS    = 
  CONFIG_COMMANDS = 
  $ ./config.status 

on ChienVT2-AI-U

config.status:1290: creating Makefile
config.status:1290: creating src/Makefile
config.status:1290: creating src/helper/Makefile
config.status:1290: creating src/jtag/Makefile
config.status:1290: creating src/jtag/drivers/Makefile
config.status:1290: creating src/jtag/drivers/usb_blaster/Makefile
config.status:1290: creating src/jtag/hla/Makefile
config.status:1290: creating src/jtag/aice/Makefile
config.status:1290: creating src/transport/Makefile
config.status:1290: creating src/target/openrisc/Makefile
config.status:1290: creating src/xsvf/Makefile
config.status:1290: creating src/svf/Makefile
config.status:1290: creating src/target/Makefile
config.status:1290: creating src/rtos/Makefile
config.status:1290: creating src/server/Makefile
config.status:1290: creating src/flash/Makefile
config.status:1290: creating src/flash/nor/Makefile
config.status:1290: creating src/flash/nand/Makefile
config.status:1290: creating src/pld/Makefile
config.status:1290: creating doc/Makefile
config.status:1290: creating config.h
config.status:1471: config.h is unchanged
config.status:1519: executing depfiles commands
config.status:1519: executing libtool commands
configure:15729: === configuring in jimtcl (/home/chientv2/chientv2/OpenRE/5_Development_Toolchain/openocd/jimtcl)
configure:15792: running /bin/bash ./configure.gnu --disable-option-checking '--prefix=/usr/local'  '--enable-jlink' 'PKG_CONFIG_PATH=/home/chientv2/ribot2_ws/devel/lib/pkgconfig:/opt/ros/noetic/lib/pkgconfig' --cache-file=/dev/null --srcdir=.

## ---------------- ##
## Cache variables. ##
## ---------------- ##

ac_cv_build=x86_64-unknown-linux-gnu
ac_cv_c_bigendian=no
ac_cv_c_compiler_gnu=yes
ac_cv_c_const=yes
ac_cv_env_CC_set=
ac_cv_env_CC_value=
ac_cv_env_CFLAGS_set=
ac_cv_env_CFLAGS_value=
ac_cv_env_CPPFLAGS_set=
ac_cv_env_CPPFLAGS_value=
ac_cv_env_CPP_set=
ac_cv_env_CPP_value=
ac_cv_env_HIDAPI_CFLAGS_set=
ac_cv_env_HIDAPI_CFLAGS_value=
ac_cv_env_HIDAPI_LIBS_set=
ac_cv_env_HIDAPI_LIBS_value=
ac_cv_env_LDFLAGS_set=
ac_cv_env_LDFLAGS_value=
ac_cv_env_LIBFTDI_CFLAGS_set=
ac_cv_env_LIBFTDI_CFLAGS_value=
ac_cv_env_LIBFTDI_LIBS_set=
ac_cv_env_LIBFTDI_LIBS_value=
ac_cv_env_LIBS_set=
ac_cv_env_LIBS_value=
ac_cv_env_LIBUSB0_CFLAGS_set=
ac_cv_env_LIBUSB0_CFLAGS_value=
ac_cv_env_LIBUSB0_LIBS_set=
ac_cv_env_LIBUSB0_LIBS_value=
ac_cv_env_LIBUSB1_CFLAGS_set=
ac_cv_env_LIBUSB1_CFLAGS_value=
ac_cv_env_LIBUSB1_LIBS_set=
ac_cv_env_LIBUSB1_LIBS_value=
ac_cv_env_PKG_CONFIG_LIBDIR_set=
ac_cv_env_PKG_CONFIG_LIBDIR_value=
ac_cv_env_PKG_CONFIG_PATH_set=set
ac_cv_env_PKG_CONFIG_PATH_value=/home/chientv2/ribot2_ws/devel/lib/pkgconfig:/opt/ros/noetic/lib/pkgconfig
ac_cv_env_PKG_CONFIG_set=
ac_cv_env_PKG_CONFIG_value=
ac_cv_env_build_alias_set=
ac_cv_env_build_alias_value=
ac_cv_env_host_alias_set=
ac_cv_env_host_alias_value=
ac_cv_env_target_alias_set=
ac_cv_env_target_alias_value=
ac_cv_func_gettimeofday=yes
ac_cv_func_strndup=yes
ac_cv_func_strnlen=yes
ac_cv_func_usleep=yes
ac_cv_func_vasprintf=yes
ac_cv_header_arpa_inet_h=yes
ac_cv_header_dirent_h=yes
ac_cv_header_dlfcn_h=yes
ac_cv_header_elf_h=yes
ac_cv_header_fcntl_h=yes
ac_cv_header_ifaddrs_h=yes
ac_cv_header_inttypes_h=yes
ac_cv_header_malloc_h=yes
ac_cv_header_memory_h=yes
ac_cv_header_net_if_h=yes
ac_cv_header_netdb_h=yes
ac_cv_header_netinet_in_h=yes
ac_cv_header_netinet_tcp_h=yes
ac_cv_header_pthread_h=yes
ac_cv_header_stdbool_h=yes
ac_cv_header_stdc=yes
ac_cv_header_stdint_h=yes
ac_cv_header_stdlib_h=yes
ac_cv_header_string_h=yes
ac_cv_header_strings_h=yes
ac_cv_header_sys_ioctl_h=yes
ac_cv_header_sys_param_h=yes
ac_cv_header_sys_poll_h=yes
ac_cv_header_sys_select_h=yes
ac_cv_header_sys_socket_h=yes
ac_cv_header_sys_stat_h=yes
ac_cv_header_sys_time_h=yes
ac_cv_header_sys_types_h=yes
ac_cv_header_time=yes
ac_cv_header_unistd_h=yes
ac_cv_host=x86_64-unknown-linux-gnu
ac_cv_objext=o
ac_cv_path_EGREP='/usr/bin/grep -E'
ac_cv_path_FGREP='/usr/bin/grep -F'
ac_cv_path_GREP=/usr/bin/grep
ac_cv_path_SED=/usr/bin/sed
ac_cv_path_ac_pt_PKG_CONFIG=/usr/bin/pkg-config
ac_cv_path_install='/usr/bin/install -c'
ac_cv_path_mkdir=/usr/bin/mkdir
ac_cv_prog_AWK=mawk
ac_cv_prog_CPP='gcc -E'
ac_cv_prog_MAKEINFO=makeinfo
ac_cv_prog_ac_ct_AR=ar
ac_cv_prog_ac_ct_CC=gcc
ac_cv_prog_ac_ct_MANIFEST_TOOL=mt
ac_cv_prog_ac_ct_OBJDUMP=objdump
ac_cv_prog_ac_ct_RANLIB=ranlib
ac_cv_prog_ac_ct_STRIP=strip
ac_cv_prog_cc_c89=
ac_cv_prog_cc_c99=
ac_cv_prog_cc_g=yes
ac_cv_prog_cc_gcc_c_o=yes
ac_cv_prog_make_make_set=yes
ac_cv_search_dlopen=-ldl
ac_cv_search_ioperm='none required'
ac_cv_type__Bool=yes
ac_cv_type_long_long_int=yes
ac_cv_type_unsigned_long_long_int=yes
am_cv_CC_dependencies_compiler_type=gcc3
am_cv_make_support_nested_variables=yes
lt_cv_ar_at_file=@
lt_cv_deplibs_check_method=pass_all
lt_cv_file_magic_cmd='$MAGIC_CMD'
lt_cv_file_magic_test_file=
lt_cv_ld_reload_flag=-r
lt_cv_nm_interface='BSD nm'
lt_cv_objdir=.libs
lt_cv_path_LD=/usr/bin/ld
lt_cv_path_NM='/usr/bin/nm -B'
lt_cv_path_mainfest_tool=no
lt_cv_prog_compiler_c_o=yes
lt_cv_prog_compiler_pic='-fPIC -DPIC'
lt_cv_prog_compiler_pic_works=yes
lt_cv_prog_compiler_rtti_exceptions=no
lt_cv_prog_compiler_static_works=yes
lt_cv_prog_gnu_ld=yes
lt_cv_sharedlib_from_linklib_cmd='printf %s\n'
lt_cv_shlibpath_overrides_runpath=yes
lt_cv_sys_global_symbol_pipe='sed -n -e '\''s/^.*[	 ]\([ABCDGIRSTW][ABCDGIRSTW]*\)[	 ][	 ]*\([_A-Za-z][_A-Za-z0-9]*\)$/\1 \2 \2/p'\'' | sed '\''/ __gnu_lto/d'\'''
lt_cv_sys_global_symbol_to_c_name_address='sed -n -e '\''s/^: \([^ ]*\)[ ]*$/  {\"\1\", (void *) 0},/p'\'' -e '\''s/^[ABCDGIRSTW]* \([^ ]*\) \([^ ]*\)$/  {"\2", (void *) \&\2},/p'\'''
lt_cv_sys_global_symbol_to_c_name_address_lib_prefix='sed -n -e '\''s/^: \([^ ]*\)[ ]*$/  {\"\1\", (void *) 0},/p'\'' -e '\''s/^[ABCDGIRSTW]* \([^ ]*\) \(lib[^ ]*\)$/  {"\2", (void *) \&\2},/p'\'' -e '\''s/^[ABCDGIRSTW]* \([^ ]*\) \([^ ]*\)$/  {"lib\2", (void *) \&\2},/p'\'''
lt_cv_sys_global_symbol_to_cdecl='sed -n -e '\''s/^T .* \(.*\)$/extern int \1();/p'\'' -e '\''s/^[ABCDGIRSTW]* .* \(.*\)$/extern char \1;/p'\'''
lt_cv_sys_max_cmd_len=1572864
lt_cv_to_host_file_cmd=func_convert_file_noop
lt_cv_to_tool_file_cmd=func_convert_file_noop
pkg_cv_LIBUSB0_CFLAGS=
pkg_cv_LIBUSB0_LIBS=-lusb
pkg_cv_LIBUSB1_CFLAGS=-I/usr/include/libusb-1.0
pkg_cv_LIBUSB1_LIBS=-lusb-1.0

## ----------------- ##
## Output variables. ##
## ----------------- ##

ACLOCAL='${SHELL} /home/chientv2/chientv2/OpenRE/5_Development_Toolchain/openocd/missing aclocal-1.13'
AICE_FALSE='#'
AICE_TRUE=''
AMDEPBACKSLASH='\'
AMDEP_FALSE='#'
AMDEP_TRUE=''
AMTAR='$${TAR-tar}'
AMTJTAGACCEL_FALSE=''
AMTJTAGACCEL_TRUE='#'
AM_BACKSLASH='\'
AM_DEFAULT_V='$(AM_DEFAULT_VERBOSITY)'
AM_DEFAULT_VERBOSITY='1'
AM_V='$(V)'
AR='ar'
ARMJTAGEW_FALSE='#'
ARMJTAGEW_TRUE=''
AT91RM9200_FALSE=''
AT91RM9200_TRUE='#'
AUTOCONF='${SHELL} /home/chientv2/chientv2/OpenRE/5_Development_Toolchain/openocd/missing autoconf'
AUTOHEADER='${SHELL} /home/chientv2/chientv2/OpenRE/5_Development_Toolchain/openocd/missing autoheader'
AUTOMAKE='${SHELL} /home/chientv2/chientv2/OpenRE/5_Development_Toolchain/openocd/missing automake-1.13'
AWK='mawk'
BCM2835GPIO_FALSE=''
BCM2835GPIO_TRUE='#'
BITBANG_FALSE=''
BITBANG_TRUE='#'
BITQ_FALSE=''
BITQ_TRUE='#'
BUSPIRATE_FALSE=''
BUSPIRATE_TRUE='#'
CC='gcc'
CCDEPMODE='depmode=gcc3'
CFLAGS='-g -O2 -Wall -Wstrict-prototypes -Wformat-security -Wshadow -Wextra -Wno-unused-parameter -Wbad-function-cast -Wcast-align -Wredundant-decls -Werror'
CMSIS_DAP_FALSE=''
CMSIS_DAP_TRUE='#'
CPP='gcc -E'
CPPFLAGS=''
CYGPATH_W='echo'
DEFS='-DHAVE_CONFIG_H'
DEPDIR='.deps'
DLLTOOL='false'
DSYMUTIL=''
DUMMY_FALSE=''
DUMMY_TRUE='#'
DUMPBIN=''
ECHO_C=''
ECHO_N='-n'
ECHO_T=''
EGREP='/usr/bin/grep -E'
EP93XX_FALSE=''
EP93XX_TRUE='#'
EXEEXT=''
FGREP='/usr/bin/grep -F'
FT2232_DRIVER_FALSE=''
FT2232_DRIVER_TRUE='#'
FT2232_LIBFTDI_FALSE=''
FT2232_LIBFTDI_TRUE='#'
FTDI_FALSE='#'
FTDI_TRUE=''
GIVEIO_FALSE=''
GIVEIO_TRUE='#'
GREP='/usr/bin/grep'
GW16012_FALSE=''
GW16012_TRUE='#'
HIDAPI_CFLAGS=''
HIDAPI_LIBS=''
HLADAPTER_FALSE='#'
HLADAPTER_ICDI_FALSE='#'
HLADAPTER_ICDI_TRUE=''
HLADAPTER_STLINK_FALSE='#'
HLADAPTER_STLINK_TRUE=''
HLADAPTER_TRUE=''
INSTALL_DATA='${INSTALL} -m 644'
INSTALL_PROGRAM='${INSTALL}'
INSTALL_SCRIPT='${INSTALL}'
INSTALL_STRIP_PROGRAM='$(install_sh) -c -s'
INTERNAL_JIMTCL_FALSE='#'
INTERNAL_JIMTCL_TRUE=''
IOUTIL_FALSE=''
IOUTIL_TRUE='#'
IS_CYGWIN_FALSE=''
IS_CYGWIN_TRUE='#'
IS_DARWIN_FALSE=''
IS_DARWIN_TRUE='#'
IS_MINGW_FALSE=''
IS_MINGW_TRUE='#'
IS_WIN32_FALSE=''
IS_WIN32_TRUE='#'
JLINK_FALSE='#'
JLINK_TRUE=''
JTAG_VPI_FALSE=''
JTAG_VPI_TRUE='#'
LD='/usr/bin/ld -m elf_x86_64'
LDFLAGS=''
LIBFTDI_CFLAGS=''
LIBFTDI_LIBS=''
LIBOBJS=''
LIBS='-ldl '
LIBTOOL='$(SHELL) $(top_builddir)/libtool'
LIBTOOL_DEPS='./ltmain.sh'
LIBUSB0_CFLAGS=''
LIBUSB0_LIBS='-lusb'
LIBUSB1_CFLAGS='-isystem /usr/include/libusb-1.0'
LIBUSB1_LIBS='-lusb-1.0'
LIPO=''
LN_S='ln -s'
LTLIBOBJS=''
MAKEINFO='makeinfo'
MANIFEST_TOOL=':'
MINIDRIVER_DUMMY_FALSE=''
MINIDRIVER_DUMMY_TRUE='#'
MINIDRIVER_FALSE=''
MINIDRIVER_TRUE='#'
MKDIR_P='/usr/bin/mkdir -p'
NM='/usr/bin/nm -B'
NMEDIT=''
OBJDUMP='objdump'
OBJEXT='o'
OOCD_TRACE_FALSE=''
OOCD_TRACE_TRUE='#'
OPENDOUS_FALSE='#'
OPENDOUS_TRUE=''
OPENJTAG_FALSE=''
OPENJTAG_TRUE='#'
OSBDM_FALSE='#'
OSBDM_TRUE=''
OTOOL64=''
OTOOL=''
PACKAGE='openocd'
PACKAGE_BUGREPORT='OpenOCD Mailing List <openocd-devel@lists.sourceforge.net>'
PACKAGE_NAME='openocd'
PACKAGE_STRING='openocd 0.9.0'
PACKAGE_TARNAME='openocd'
PACKAGE_URL=''
PACKAGE_VERSION='0.9.0'
PARPORT_FALSE=''
PARPORT_TRUE='#'
PATH_SEPARATOR=':'
PKG_CONFIG='/usr/bin/pkg-config'
PKG_CONFIG_LIBDIR=''
PKG_CONFIG_PATH='/home/chientv2/ribot2_ws/devel/lib/pkgconfig:/opt/ros/noetic/lib/pkgconfig'
PRESTO_DRIVER_FALSE=''
PRESTO_DRIVER_TRUE='#'
PRESTO_LIBFTDI_FALSE=''
PRESTO_LIBFTDI_TRUE='#'
RANLIB='ranlib'
RELEASE_FALSE='#'
RELEASE_TRUE=''
REMOTE_BITBANG_FALSE=''
REMOTE_BITBANG_TRUE='#'
RLINK_FALSE='#'
RLINK_TRUE=''
SED='/usr/bin/sed'
SET_MAKE=''
SHELL='/bin/bash'
STRIP='strip'
SYSFSGPIO_FALSE=''
SYSFSGPIO_TRUE='#'
ULINK_FALSE='#'
ULINK_TRUE=''
USBPROG_FALSE='#'
USBPROG_TRUE=''
USB_BLASTER_2_FALSE='#'
USB_BLASTER_2_TRUE=''
USB_BLASTER_DRIVER_FALSE='#'
USB_BLASTER_DRIVER_TRUE=''
USB_BLASTER_FTD2XX_FALSE=''
USB_BLASTER_FTD2XX_TRUE='#'
USB_BLASTER_LIBFTDI_FALSE=''
USB_BLASTER_LIBFTDI_TRUE='#'
USE_LIBUSB0_FALSE='#'
USE_LIBUSB0_TRUE=''
USE_LIBUSB1_FALSE='#'
USE_LIBUSB1_TRUE=''
VERSION='0.9.0'
VSLLINK_FALSE='#'
VSLLINK_TRUE=''
ZY1000_FALSE=''
ZY1000_MASTER_FALSE=''
ZY1000_MASTER_TRUE='#'
ZY1000_TRUE='#'
ac_ct_AR='ar'
ac_ct_CC='gcc'
ac_ct_DUMPBIN=''
am__EXEEXT_FALSE=''
am__EXEEXT_TRUE='#'
am__fastdepCC_FALSE='#'
am__fastdepCC_TRUE=''
am__include='include'
am__isrc=''
am__leading_dot='.'
am__nodep='_no'
am__quote=''
am__tar='$${TAR-tar} chof - "$$tardir"'
am__untar='$${TAR-tar} xf -'
bindir='${exec_prefix}/bin'
build='x86_64-unknown-linux-gnu'
build_alias=''
build_cpu='x86_64'
build_os='linux-gnu'
build_vendor='unknown'
datadir='${datarootdir}'
datarootdir='${prefix}/share'
docdir='${datarootdir}/doc/${PACKAGE_TARNAME}'
doxygen_as_html='yes'
doxygen_as_pdf='no'
dvidir='${docdir}'
exec_prefix='${prefix}'
host='x86_64-unknown-linux-gnu'
host_alias=''
host_cpu='x86_64'
host_os='linux-gnu'
host_vendor='unknown'
htmldir='${docdir}'
includedir='${prefix}/include'
infodir='${datarootdir}/info'
install_sh='${SHELL} /home/chientv2/chientv2/OpenRE/5_Development_Toolchain/openocd/install-sh'
libdir='${exec_prefix}/lib'
libexecdir='${exec_prefix}/libexec'
localedir='${datarootdir}/locale'
localstatedir='${prefix}/var'
mandir='${datarootdir}/man'
mkdir_p='$(MKDIR_P)'
oldincludedir='/usr/include'
pdfdir='${docdir}'
prefix='/usr/local'
program_transform_name='s,x,x,'
psdir='${docdir}'
sbindir='${exec_prefix}/sbin'
sharedstatedir='${prefix}/com'
subdirs=' jimtcl'
sysconfdir='${prefix}/etc'
target_alias=''

## ----------- ##
## confdefs.h. ##
## ----------- ##

/* confdefs.h */
#define PACKAGE_NAME "openocd"
#define PACKAGE_TARNAME "openocd"
#define PACKAGE_VERSION "0.9.0"
#define PACKAGE_STRING "openocd 0.9.0"
#define PACKAGE_BUGREPORT "OpenOCD Mailing List <openocd-devel@lists.sourceforge.net>"
#define PACKAGE_URL ""
#define PACKAGE "openocd"
#define VERSION "0.9.0"
#define STDC_HEADERS 1
#define HAVE_SYS_TYPES_H 1
#define HAVE_SYS_STAT_H 1
#define HAVE_STDLIB_H 1
#define HAVE_STRING_H 1
#define HAVE_MEMORY_H 1
#define HAVE_STRINGS_H 1
#define HAVE_INTTYPES_H 1
#define HAVE_STDINT_H 1
#define HAVE_UNISTD_H 1
#define HAVE_DLFCN_H 1
#define LT_OBJDIR ".libs/"
#define HAVE_UNSIGNED_LONG_LONG_INT 1
#define HAVE_LONG_LONG_INT 1
#define HAVE_SYS_SOCKET_H 1
#define HAVE_ARPA_INET_H 1
#define HAVE_ELF_H 1
#define HAVE_DIRENT_H 1
#define HAVE_FCNTL_H 1
#define HAVE_IFADDRS_H 1
#define HAVE_MALLOC_H 1
#define HAVE_NETDB_H 1
#define HAVE_NETINET_IN_H 1
#define HAVE_NETINET_TCP_H 1
#define HAVE_PTHREAD_H 1
#define HAVE_STRINGS_H 1
#define HAVE_SYS_IOCTL_H 1
#define HAVE_SYS_PARAM_H 1
#define HAVE_SYS_POLL_H 1
#define HAVE_SYS_SELECT_H 1
#define HAVE_SYS_STAT_H 1
#define HAVE_SYS_TIME_H 1
#define HAVE_SYS_TYPES_H 1
#define HAVE_UNISTD_H 1
#define HAVE_NET_IF_H 1
#define HAVE__BOOL 1
#define HAVE_STDBOOL_H 1
#define TIME_WITH_SYS_TIME 1
#define HAVE_STRNDUP 1
#define HAVE_STRNLEN 1
#define HAVE_GETTIMEOFDAY 1
#define HAVE_USLEEP 1
#define HAVE_VASPRINTF 1
#define IS_CYGWIN 0
#define IS_WIN32 0
#define IS_DARWIN 0
#define BUILD_PARPORT 0
#define BUILD_DUMMY 0
#define BUILD_EP93XX 0
#define BUILD_ZY1000 0
#define BUILD_ZY1000_MASTER 0
#define BUILD_AT91RM9200 0
#define BUILD_BCM2835GPIO 0
#define PARPORT_USE_PPDEV 1
#define PARPORT_USE_GIVEIO 0
#define BUILD_BITBANG 0
#define BUILD_FT2232_LIBFTDI 0
#define BUILD_FT2232_FTD2XX 0
#define BUILD_USB_BLASTER_LIBFTDI 0
#define BUILD_JTAG_VPI 0
#define BUILD_USB_BLASTER_FTD2XX 0
#define BUILD_AMTJTAGACCEL 0
#define BUILD_GW16012 0
#define BUILD_PRESTO_LIBFTDI 0
#define BUILD_PRESTO_FTD2XX 0
#define BUILD_BITQ 0
#define BUILD_OPENJTAG 0
#define BUILD_OPENJTAG_FTD2XX 0
#define BUILD_OPENJTAG_LIBFTDI 0
#define BUILD_OOCD_TRACE 0
#define BUILD_BUSPIRATE 0
#define BUILD_REMOTE_BITBANG 0
#define BUILD_SYSFSGPIO 0
#define HAVE_LIBUSB1 1
#define HAVE_LIBUSB_ERROR_NAME 1
#define BUILD_FTDI 1
#define BUILD_HLADAPTER_STLINK 1
#define BUILD_HLADAPTER_ICDI 1
#define BUILD_ULINK 1
#define BUILD_USB_BLASTER_2 1
#define BUILD_VSLLINK 1
#define BUILD_JLINK 1
#define BUILD_OSBDM 1
#define BUILD_OPENDOUS 1
#define BUILD_AICE 1
#define BUILD_USBPROG 1
#define BUILD_RLINK 1
#define BUILD_ARMJTAGEW 1
#define BUILD_HLADAPTER 1
#define _GNU_SOURCE 1

configure: exit 0
